Determining if the pthread_create exist failed with the following output:
Change Dir: /home/julien/ISIMA/ZZ3/icpr/ICPR-Projet/build/velocity_controllers/CMakeFiles/CMakeTmp

Run Build Command:"/usr/bin/make" "cmTC_11563/fast"
/usr/bin/make -f CMakeFiles/cmTC_11563.dir/build.make CMakeFiles/cmTC_11563.dir/build
make[1] : on entre dans le répertoire « /home/julien/ISIMA/ZZ3/icpr/ICPR-Projet/build/velocity_controllers/CMakeFiles/CMakeTmp »
Building C object CMakeFiles/cmTC_11563.dir/CheckSymbolExists.c.o
/usr/bin/cc    -o CMakeFiles/cmTC_11563.dir/CheckSymbolExists.c.o   -c /home/julien/ISIMA/ZZ3/icpr/ICPR-Projet/build/velocity_controllers/CMakeFiles/CMakeTmp/CheckSymbolExists.c
Linking C executable cmTC_11563
/usr/bin/cmake -E cmake_link_script CMakeFiles/cmTC_11563.dir/link.txt --verbose=1
/usr/bin/cc      -rdynamic CMakeFiles/cmTC_11563.dir/CheckSymbolExists.c.o  -o cmTC_11563 
CMakeFiles/cmTC_11563.dir/CheckSymbolExists.c.o : Dans la fonction « main » :
CheckSymbolExists.c:(.text+0x1b) : référence indéfinie vers « pthread_create »
collect2: error: ld returned 1 exit status
CMakeFiles/cmTC_11563.dir/build.make:97: recipe for target 'cmTC_11563' failed
make[1]: *** [cmTC_11563] Error 1
make[1] : on quitte le répertoire « /home/julien/ISIMA/ZZ3/icpr/ICPR-Projet/build/velocity_controllers/CMakeFiles/CMakeTmp »
Makefile:126: recipe for target 'cmTC_11563/fast' failed
make: *** [cmTC_11563/fast] Error 2

File /home/julien/ISIMA/ZZ3/icpr/ICPR-Projet/build/velocity_controllers/CMakeFiles/CMakeTmp/CheckSymbolExists.c:
/* */
#include <pthread.h>

int main(int argc, char** argv)
{
  (void)argv;
#ifndef pthread_create
  return ((int*)(&pthread_create))[argc];
#else
  (void)argc;
  return 0;
#endif
}

Determining if the function pthread_create exists in the pthreads failed with the following output:
Change Dir: /home/julien/ISIMA/ZZ3/icpr/ICPR-Projet/build/velocity_controllers/CMakeFiles/CMakeTmp

Run Build Command:"/usr/bin/make" "cmTC_11ad8/fast"
/usr/bin/make -f CMakeFiles/cmTC_11ad8.dir/build.make CMakeFiles/cmTC_11ad8.dir/build
make[1] : on entre dans le répertoire « /home/julien/ISIMA/ZZ3/icpr/ICPR-Projet/build/velocity_controllers/CMakeFiles/CMakeTmp »
Building C object CMakeFiles/cmTC_11ad8.dir/CheckFunctionExists.c.o
/usr/bin/cc   -DCHECK_FUNCTION_EXISTS=pthread_create   -o CMakeFiles/cmTC_11ad8.dir/CheckFunctionExists.c.o   -c /usr/share/cmake-3.10/Modules/CheckFunctionExists.c
Linking C executable cmTC_11ad8
/usr/bin/cmake -E cmake_link_script CMakeFiles/cmTC_11ad8.dir/link.txt --verbose=1
/usr/bin/cc  -DCHECK_FUNCTION_EXISTS=pthread_create    -rdynamic CMakeFiles/cmTC_11ad8.dir/CheckFunctionExists.c.o  -o cmTC_11ad8 -lpthreads 
/usr/bin/ld : ne peut trouver -lpthreads
collect2: error: ld returned 1 exit status
CMakeFiles/cmTC_11ad8.dir/build.make:97: recipe for target 'cmTC_11ad8' failed
make[1]: *** [cmTC_11ad8] Error 1
make[1] : on quitte le répertoire « /home/julien/ISIMA/ZZ3/icpr/ICPR-Projet/build/velocity_controllers/CMakeFiles/CMakeTmp »
Makefile:126: recipe for target 'cmTC_11ad8/fast' failed
make: *** [cmTC_11ad8/fast] Error 2


