Determining if the pthread_create exist failed with the following output:
Change Dir: /home/julien/ISIMA/ZZ3/icpr/ICPR-Projet/build/multikey_teleop/CMakeFiles/CMakeTmp

Run Build Command:"/usr/bin/make" "cmTC_4aceb/fast"
/usr/bin/make -f CMakeFiles/cmTC_4aceb.dir/build.make CMakeFiles/cmTC_4aceb.dir/build
make[1] : on entre dans le répertoire « /home/julien/ISIMA/ZZ3/icpr/ICPR-Projet/build/multikey_teleop/CMakeFiles/CMakeTmp »
Building C object CMakeFiles/cmTC_4aceb.dir/CheckSymbolExists.c.o
/usr/bin/cc    -o CMakeFiles/cmTC_4aceb.dir/CheckSymbolExists.c.o   -c /home/julien/ISIMA/ZZ3/icpr/ICPR-Projet/build/multikey_teleop/CMakeFiles/CMakeTmp/CheckSymbolExists.c
Linking C executable cmTC_4aceb
/usr/bin/cmake -E cmake_link_script CMakeFiles/cmTC_4aceb.dir/link.txt --verbose=1
/usr/bin/cc      -rdynamic CMakeFiles/cmTC_4aceb.dir/CheckSymbolExists.c.o  -o cmTC_4aceb 
CMakeFiles/cmTC_4aceb.dir/CheckSymbolExists.c.o : Dans la fonction « main » :
CheckSymbolExists.c:(.text+0x1b) : référence indéfinie vers « pthread_create »
collect2: error: ld returned 1 exit status
CMakeFiles/cmTC_4aceb.dir/build.make:97: recipe for target 'cmTC_4aceb' failed
make[1]: *** [cmTC_4aceb] Error 1
make[1] : on quitte le répertoire « /home/julien/ISIMA/ZZ3/icpr/ICPR-Projet/build/multikey_teleop/CMakeFiles/CMakeTmp »
Makefile:126: recipe for target 'cmTC_4aceb/fast' failed
make: *** [cmTC_4aceb/fast] Error 2

File /home/julien/ISIMA/ZZ3/icpr/ICPR-Projet/build/multikey_teleop/CMakeFiles/CMakeTmp/CheckSymbolExists.c:
/* */
#include <pthread.h>

int main(int argc, char** argv)
{
  (void)argv;
#ifndef pthread_create
  return ((int*)(&pthread_create))[argc];
#else
  (void)argc;
  return 0;
#endif
}

Determining if the function pthread_create exists in the pthreads failed with the following output:
Change Dir: /home/julien/ISIMA/ZZ3/icpr/ICPR-Projet/build/multikey_teleop/CMakeFiles/CMakeTmp

Run Build Command:"/usr/bin/make" "cmTC_acf4d/fast"
/usr/bin/make -f CMakeFiles/cmTC_acf4d.dir/build.make CMakeFiles/cmTC_acf4d.dir/build
make[1] : on entre dans le répertoire « /home/julien/ISIMA/ZZ3/icpr/ICPR-Projet/build/multikey_teleop/CMakeFiles/CMakeTmp »
Building C object CMakeFiles/cmTC_acf4d.dir/CheckFunctionExists.c.o
/usr/bin/cc   -DCHECK_FUNCTION_EXISTS=pthread_create   -o CMakeFiles/cmTC_acf4d.dir/CheckFunctionExists.c.o   -c /usr/share/cmake-3.10/Modules/CheckFunctionExists.c
Linking C executable cmTC_acf4d
/usr/bin/cmake -E cmake_link_script CMakeFiles/cmTC_acf4d.dir/link.txt --verbose=1
/usr/bin/cc  -DCHECK_FUNCTION_EXISTS=pthread_create    -rdynamic CMakeFiles/cmTC_acf4d.dir/CheckFunctionExists.c.o  -o cmTC_acf4d -lpthreads 
/usr/bin/ld : ne peut trouver -lpthreads
collect2: error: ld returned 1 exit status
CMakeFiles/cmTC_acf4d.dir/build.make:97: recipe for target 'cmTC_acf4d' failed
make[1]: *** [cmTC_acf4d] Error 1
make[1] : on quitte le répertoire « /home/julien/ISIMA/ZZ3/icpr/ICPR-Projet/build/multikey_teleop/CMakeFiles/CMakeTmp »
Makefile:126: recipe for target 'cmTC_acf4d/fast' failed
make: *** [cmTC_acf4d/fast] Error 2


