Determining if the pthread_create exist failed with the following output:
Change Dir: /home/julien/ISIMA/ZZ3/icpr/icpr-3/icpr_robotsimu/build/rrbot_control/CMakeFiles/CMakeTmp

Run Build Command:"/usr/bin/make" "cmTC_85d74/fast"
/usr/bin/make -f CMakeFiles/cmTC_85d74.dir/build.make CMakeFiles/cmTC_85d74.dir/build
make[1] : on entre dans le répertoire « /home/julien/ISIMA/ZZ3/icpr/icpr-3/icpr_robotsimu/build/rrbot_control/CMakeFiles/CMakeTmp »
Building C object CMakeFiles/cmTC_85d74.dir/CheckSymbolExists.c.o
/usr/bin/cc    -o CMakeFiles/cmTC_85d74.dir/CheckSymbolExists.c.o   -c /home/julien/ISIMA/ZZ3/icpr/icpr-3/icpr_robotsimu/build/rrbot_control/CMakeFiles/CMakeTmp/CheckSymbolExists.c
Linking C executable cmTC_85d74
/usr/bin/cmake -E cmake_link_script CMakeFiles/cmTC_85d74.dir/link.txt --verbose=1
/usr/bin/cc      -rdynamic CMakeFiles/cmTC_85d74.dir/CheckSymbolExists.c.o  -o cmTC_85d74 
CMakeFiles/cmTC_85d74.dir/CheckSymbolExists.c.o : Dans la fonction « main » :
CheckSymbolExists.c:(.text+0x1b) : référence indéfinie vers « pthread_create »
collect2: error: ld returned 1 exit status
CMakeFiles/cmTC_85d74.dir/build.make:97: recipe for target 'cmTC_85d74' failed
make[1]: *** [cmTC_85d74] Error 1
make[1] : on quitte le répertoire « /home/julien/ISIMA/ZZ3/icpr/icpr-3/icpr_robotsimu/build/rrbot_control/CMakeFiles/CMakeTmp »
Makefile:126: recipe for target 'cmTC_85d74/fast' failed
make: *** [cmTC_85d74/fast] Error 2

File /home/julien/ISIMA/ZZ3/icpr/icpr-3/icpr_robotsimu/build/rrbot_control/CMakeFiles/CMakeTmp/CheckSymbolExists.c:
/* */
#include <pthread.h>

int main(int argc, char** argv)
{
  (void)argv;
#ifndef pthread_create
  return ((int*)(&pthread_create))[argc];
#else
  (void)argc;
  return 0;
#endif
}

Determining if the function pthread_create exists in the pthreads failed with the following output:
Change Dir: /home/julien/ISIMA/ZZ3/icpr/icpr-3/icpr_robotsimu/build/rrbot_control/CMakeFiles/CMakeTmp

Run Build Command:"/usr/bin/make" "cmTC_466ff/fast"
/usr/bin/make -f CMakeFiles/cmTC_466ff.dir/build.make CMakeFiles/cmTC_466ff.dir/build
make[1] : on entre dans le répertoire « /home/julien/ISIMA/ZZ3/icpr/icpr-3/icpr_robotsimu/build/rrbot_control/CMakeFiles/CMakeTmp »
Building C object CMakeFiles/cmTC_466ff.dir/CheckFunctionExists.c.o
/usr/bin/cc   -DCHECK_FUNCTION_EXISTS=pthread_create   -o CMakeFiles/cmTC_466ff.dir/CheckFunctionExists.c.o   -c /usr/share/cmake-3.10/Modules/CheckFunctionExists.c
Linking C executable cmTC_466ff
/usr/bin/cmake -E cmake_link_script CMakeFiles/cmTC_466ff.dir/link.txt --verbose=1
/usr/bin/cc  -DCHECK_FUNCTION_EXISTS=pthread_create    -rdynamic CMakeFiles/cmTC_466ff.dir/CheckFunctionExists.c.o  -o cmTC_466ff -lpthreads 
/usr/bin/ld : ne peut trouver -lpthreads
collect2: error: ld returned 1 exit status
CMakeFiles/cmTC_466ff.dir/build.make:97: recipe for target 'cmTC_466ff' failed
make[1]: *** [cmTC_466ff] Error 1
make[1] : on quitte le répertoire « /home/julien/ISIMA/ZZ3/icpr/icpr-3/icpr_robotsimu/build/rrbot_control/CMakeFiles/CMakeTmp »
Makefile:126: recipe for target 'cmTC_466ff/fast' failed
make: *** [cmTC_466ff/fast] Error 2


