Determining if the pthread_create exist failed with the following output:
Change Dir: /home/julien/ISIMA/ZZ3/icpr/icpr-3/icpr_robotsimu/build/rrbot_gazebo/CMakeFiles/CMakeTmp

Run Build Command:"/usr/bin/make" "cmTC_ab155/fast"
/usr/bin/make -f CMakeFiles/cmTC_ab155.dir/build.make CMakeFiles/cmTC_ab155.dir/build
make[1] : on entre dans le répertoire « /home/julien/ISIMA/ZZ3/icpr/icpr-3/icpr_robotsimu/build/rrbot_gazebo/CMakeFiles/CMakeTmp »
Building C object CMakeFiles/cmTC_ab155.dir/CheckSymbolExists.c.o
/usr/bin/cc    -o CMakeFiles/cmTC_ab155.dir/CheckSymbolExists.c.o   -c /home/julien/ISIMA/ZZ3/icpr/icpr-3/icpr_robotsimu/build/rrbot_gazebo/CMakeFiles/CMakeTmp/CheckSymbolExists.c
Linking C executable cmTC_ab155
/usr/bin/cmake -E cmake_link_script CMakeFiles/cmTC_ab155.dir/link.txt --verbose=1
/usr/bin/cc      -rdynamic CMakeFiles/cmTC_ab155.dir/CheckSymbolExists.c.o  -o cmTC_ab155 
CMakeFiles/cmTC_ab155.dir/CheckSymbolExists.c.o : Dans la fonction « main » :
CheckSymbolExists.c:(.text+0x1b) : référence indéfinie vers « pthread_create »
collect2: error: ld returned 1 exit status
CMakeFiles/cmTC_ab155.dir/build.make:97: recipe for target 'cmTC_ab155' failed
make[1]: *** [cmTC_ab155] Error 1
make[1] : on quitte le répertoire « /home/julien/ISIMA/ZZ3/icpr/icpr-3/icpr_robotsimu/build/rrbot_gazebo/CMakeFiles/CMakeTmp »
Makefile:126: recipe for target 'cmTC_ab155/fast' failed
make: *** [cmTC_ab155/fast] Error 2

File /home/julien/ISIMA/ZZ3/icpr/icpr-3/icpr_robotsimu/build/rrbot_gazebo/CMakeFiles/CMakeTmp/CheckSymbolExists.c:
/* */
#include <pthread.h>

int main(int argc, char** argv)
{
  (void)argv;
#ifndef pthread_create
  return ((int*)(&pthread_create))[argc];
#else
  (void)argc;
  return 0;
#endif
}

Determining if the function pthread_create exists in the pthreads failed with the following output:
Change Dir: /home/julien/ISIMA/ZZ3/icpr/icpr-3/icpr_robotsimu/build/rrbot_gazebo/CMakeFiles/CMakeTmp

Run Build Command:"/usr/bin/make" "cmTC_10101/fast"
/usr/bin/make -f CMakeFiles/cmTC_10101.dir/build.make CMakeFiles/cmTC_10101.dir/build
make[1] : on entre dans le répertoire « /home/julien/ISIMA/ZZ3/icpr/icpr-3/icpr_robotsimu/build/rrbot_gazebo/CMakeFiles/CMakeTmp »
Building C object CMakeFiles/cmTC_10101.dir/CheckFunctionExists.c.o
/usr/bin/cc   -DCHECK_FUNCTION_EXISTS=pthread_create   -o CMakeFiles/cmTC_10101.dir/CheckFunctionExists.c.o   -c /usr/share/cmake-3.10/Modules/CheckFunctionExists.c
Linking C executable cmTC_10101
/usr/bin/cmake -E cmake_link_script CMakeFiles/cmTC_10101.dir/link.txt --verbose=1
/usr/bin/cc  -DCHECK_FUNCTION_EXISTS=pthread_create    -rdynamic CMakeFiles/cmTC_10101.dir/CheckFunctionExists.c.o  -o cmTC_10101 -lpthreads 
/usr/bin/ld : ne peut trouver -lpthreads
collect2: error: ld returned 1 exit status
CMakeFiles/cmTC_10101.dir/build.make:97: recipe for target 'cmTC_10101' failed
make[1]: *** [cmTC_10101] Error 1
make[1] : on quitte le répertoire « /home/julien/ISIMA/ZZ3/icpr/icpr-3/icpr_robotsimu/build/rrbot_gazebo/CMakeFiles/CMakeTmp »
Makefile:126: recipe for target 'cmTC_10101/fast' failed
make: *** [cmTC_10101/fast] Error 2


