Determining if the pthread_create exist failed with the following output:
Change Dir: /home/julien/ISIMA/ZZ3/icpr/icpr-3/icpr_robotsimu/build/gazebo_tutorials/CMakeFiles/CMakeTmp

Run Build Command:"/usr/bin/make" "cmTC_2027c/fast"
/usr/bin/make -f CMakeFiles/cmTC_2027c.dir/build.make CMakeFiles/cmTC_2027c.dir/build
make[1] : on entre dans le répertoire « /home/julien/ISIMA/ZZ3/icpr/icpr-3/icpr_robotsimu/build/gazebo_tutorials/CMakeFiles/CMakeTmp »
Building C object CMakeFiles/cmTC_2027c.dir/CheckSymbolExists.c.o
/usr/bin/cc    -o CMakeFiles/cmTC_2027c.dir/CheckSymbolExists.c.o   -c /home/julien/ISIMA/ZZ3/icpr/icpr-3/icpr_robotsimu/build/gazebo_tutorials/CMakeFiles/CMakeTmp/CheckSymbolExists.c
Linking C executable cmTC_2027c
/usr/bin/cmake -E cmake_link_script CMakeFiles/cmTC_2027c.dir/link.txt --verbose=1
/usr/bin/cc      -rdynamic CMakeFiles/cmTC_2027c.dir/CheckSymbolExists.c.o  -o cmTC_2027c 
CMakeFiles/cmTC_2027c.dir/CheckSymbolExists.c.o : Dans la fonction « main » :
CheckSymbolExists.c:(.text+0x1b) : référence indéfinie vers « pthread_create »
collect2: error: ld returned 1 exit status
CMakeFiles/cmTC_2027c.dir/build.make:97: recipe for target 'cmTC_2027c' failed
make[1]: *** [cmTC_2027c] Error 1
make[1] : on quitte le répertoire « /home/julien/ISIMA/ZZ3/icpr/icpr-3/icpr_robotsimu/build/gazebo_tutorials/CMakeFiles/CMakeTmp »
Makefile:126: recipe for target 'cmTC_2027c/fast' failed
make: *** [cmTC_2027c/fast] Error 2

File /home/julien/ISIMA/ZZ3/icpr/icpr-3/icpr_robotsimu/build/gazebo_tutorials/CMakeFiles/CMakeTmp/CheckSymbolExists.c:
/* */
#include <pthread.h>

int main(int argc, char** argv)
{
  (void)argv;
#ifndef pthread_create
  return ((int*)(&pthread_create))[argc];
#else
  (void)argc;
  return 0;
#endif
}

Determining if the function pthread_create exists in the pthreads failed with the following output:
Change Dir: /home/julien/ISIMA/ZZ3/icpr/icpr-3/icpr_robotsimu/build/gazebo_tutorials/CMakeFiles/CMakeTmp

Run Build Command:"/usr/bin/make" "cmTC_94c3e/fast"
/usr/bin/make -f CMakeFiles/cmTC_94c3e.dir/build.make CMakeFiles/cmTC_94c3e.dir/build
make[1] : on entre dans le répertoire « /home/julien/ISIMA/ZZ3/icpr/icpr-3/icpr_robotsimu/build/gazebo_tutorials/CMakeFiles/CMakeTmp »
Building C object CMakeFiles/cmTC_94c3e.dir/CheckFunctionExists.c.o
/usr/bin/cc   -DCHECK_FUNCTION_EXISTS=pthread_create   -o CMakeFiles/cmTC_94c3e.dir/CheckFunctionExists.c.o   -c /usr/share/cmake-3.10/Modules/CheckFunctionExists.c
Linking C executable cmTC_94c3e
/usr/bin/cmake -E cmake_link_script CMakeFiles/cmTC_94c3e.dir/link.txt --verbose=1
/usr/bin/cc  -DCHECK_FUNCTION_EXISTS=pthread_create    -rdynamic CMakeFiles/cmTC_94c3e.dir/CheckFunctionExists.c.o  -o cmTC_94c3e -lpthreads 
/usr/bin/ld : ne peut trouver -lpthreads
collect2: error: ld returned 1 exit status
CMakeFiles/cmTC_94c3e.dir/build.make:97: recipe for target 'cmTC_94c3e' failed
make[1]: *** [cmTC_94c3e] Error 1
make[1] : on quitte le répertoire « /home/julien/ISIMA/ZZ3/icpr/icpr-3/icpr_robotsimu/build/gazebo_tutorials/CMakeFiles/CMakeTmp »
Makefile:126: recipe for target 'cmTC_94c3e/fast' failed
make: *** [cmTC_94c3e/fast] Error 2


